<?xml version="1.0" encoding="UTF-8"?>
<!-- Generated by org.testng.reporters.JUnitReportReporter -->
<testsuite hostname="DESKTOP-BPBTH50" failures="0" tests="3" name="favbet.testCases.LoginTest" time="23.090" errors="0" timestamp="2025-09-02T08:52:01 EEST" skipped="0">
  <testcase classname="favbet.testCases.LoginTest" name="loginTest" time="5.783"/>
  <testcase classname="favbet.testCases.LoginTest" name="loginTest" time="8.344"/>
  <testcase classname="favbet.testCases.LoginTest" name="loginTest" time="8.963"/>
</testsuite> <!-- favbet.testCases.LoginTest -->
