<?xml version="1.0" encoding="UTF-8"?>
<!-- Generated by org.testng.reporters.JUnitReportReporter -->
<testsuite hostname="DESKTOP-BPBTH50" failures="0" tests="1" name="favbet.testCases.LoginTest" time="3.705" errors="0" timestamp="2025-08-28T14:44:52 EEST" skipped="0">
  <testcase classname="favbet.testCases.LoginTest" name="loginTest" time="3.705"/>
</testsuite> <!-- favbet.testCases.LoginTest -->
