<?xml version="1.0" encoding="UTF-8"?>
<!-- Generated by org.testng.reporters.JUnitReportReporter -->
<testsuite hostname="DESKTOP-BPBTH50" failures="0" tests="1" name="favbet.testCases.LoginTest" time="3.577" errors="0" timestamp="2025-08-28T08:41:52 EEST" skipped="0">
  <testcase classname="favbet.testCases.LoginTest" name="homeLogin" time="3.577"/>
</testsuite> <!-- favbet.testCases.LoginTest -->
