<?xml version="1.0" encoding="UTF-8"?>
<!-- Generated by org.testng.reporters.JUnitReportReporter -->
<testsuite hostname="DESKTOP-BPBTH50" failures="0" tests="1" name="favbet.testCases.betInsufficientFundsTest" time="25.954" errors="0" timestamp="2025-08-29T17:28:31 EEST" skipped="0">
  <testcase classname="favbet.testCases.betInsufficientFundsTest" name="betInsufficientFunds" time="25.954"/>
</testsuite> <!-- favbet.testCases.betInsufficientFundsTest -->
