<?xml version="1.0" encoding="UTF-8"?>
<!-- Generated by org.testng.reporters.JUnitReportReporter -->
<testsuite hostname="DESKTOP-BPBTH50" failures="0" tests="1" name="favbet.testCases.PossibleWinningsTest" time="10.482" errors="0" timestamp="2025-09-03T12:15:52 EEST" skipped="0">
  <testcase classname="favbet.testCases.PossibleWinningsTest" name="pissibleWinningsAmount" time="10.482"/>
</testsuite> <!-- favbet.testCases.PossibleWinningsTest -->
