<?xml version="1.0" encoding="UTF-8"?>
<!-- Generated by org.testng.reporters.JUnitReportReporter -->
<testsuite hostname="DESKTOP-BPBTH50" failures="0" tests="1" name="favbet.testCases.LoginTest" time="2.792" errors="0" timestamp="2025-08-28T17:43:36 EEST" skipped="0">
  <testcase classname="favbet.testCases.LoginTest" name="loginTest" time="2.792"/>
</testsuite> <!-- favbet.testCases.LoginTest -->
