<?xml version="1.0" encoding="UTF-8"?>
<!-- Generated by org.testng.reporters.JUnitReportReporter -->
<testsuite hostname="DESKTOP-BPBTH50" failures="0" tests="3" name="favbet.testCases.LoginTest" time="24.042" errors="0" timestamp="2025-08-31T07:34:44 EEST" skipped="0">
  <testcase classname="favbet.testCases.LoginTest" name="loginTest" time="8.288"/>
  <testcase classname="favbet.testCases.LoginTest" name="loginTest" time="4.990"/>
  <testcase classname="favbet.testCases.LoginTest" name="loginTest" time="10.764"/>
</testsuite> <!-- favbet.testCases.LoginTest -->
