<?xml version="1.0" encoding="UTF-8"?>
<!-- Generated by org.testng.reporters.JUnitReportReporter -->
<testsuite hostname="DESKTOP-BPBTH50" failures="0" tests="3" name="favbet.testCases.LoginTest" time="22.259" errors="0" timestamp="2025-09-03T12:30:39 EEST" skipped="0">
  <testcase classname="favbet.testCases.LoginTest" name="loginTest" time="9.171"/>
  <testcase classname="favbet.testCases.LoginTest" name="loginTest" time="8.265"/>
  <testcase classname="favbet.testCases.LoginTest" name="loginTest" time="4.823"/>
</testsuite> <!-- favbet.testCases.LoginTest -->
