<?xml version="1.0" encoding="UTF-8"?>
<!-- Generated by org.testng.reporters.JUnitReportReporter -->
<testsuite hostname="DESKTOP-BPBTH50" failures="0" tests="1" name="favbet.testCases.SearchTest" time="7.525" errors="0" timestamp="2025-09-03T12:30:39 EEST" skipped="0">
  <testcase classname="favbet.testCases.SearchTest" name="Search" time="7.525"/>
</testsuite> <!-- favbet.testCases.SearchTest -->
