<?xml version="1.0" encoding="UTF-8"?>
<!-- Generated by org.testng.reporters.JUnitReportReporter -->
<testsuite hostname="DESKTOP-BPBTH50" failures="0" tests="3" name="favbet.testCases.LoginTest" time="24.002" errors="0" timestamp="2025-09-03T12:15:52 EEST" skipped="0">
  <testcase classname="favbet.testCases.LoginTest" name="loginTest" time="9.061"/>
  <testcase classname="favbet.testCases.LoginTest" name="loginTest" time="6.595"/>
  <testcase classname="favbet.testCases.LoginTest" name="loginTest" time="8.346"/>
</testsuite> <!-- favbet.testCases.LoginTest -->
