<?xml version="1.0" encoding="UTF-8"?>
<!-- Generated by org.testng.reporters.JUnitReportReporter -->
<testsuite hostname="DESKTOP-BPBTH50" failures="0" tests="1" name="favbet.testCases.betInsufficientFundsTest" time="9.521" errors="0" timestamp="2025-08-31T08:57:02 EEST" skipped="0">
  <testcase classname="favbet.testCases.betInsufficientFundsTest" name="betInsufficientFunds" time="9.521"/>
</testsuite> <!-- favbet.testCases.betInsufficientFundsTest -->
